0 info it worked if it ends with ok
1 verbose cli [ 'C:\\Program Files\\nodejs\\node.exe',
1 verbose cli   'C:\\Program Files\\nodejs\\node_modules\\npm\\bin\\npm-cli.js',
1 verbose cli   'i' ]
2 info using npm@4.1.2
3 info using node@v7.5.0
4 silly loadCurrentTree Starting
5 silly install loadCurrentTree
6 silly install readLocalPackageData
7 silly install normalizeTree
8 silly loadCurrentTree Finishing
9 silly loadIdealTree Starting
10 silly install loadIdealTree
11 silly cloneCurrentTree Starting
12 silly install cloneCurrentTreeToIdealTree
13 silly cloneCurrentTree Finishing
14 silly loadShrinkwrap Starting
15 silly install loadShrinkwrap
16 silly loadShrinkwrap Finishing
17 silly loadAllDepsIntoIdealTree Starting
18 silly install loadAllDepsIntoIdealTree
19 silly fetchNamedPackageData bootstrap
20 silly mapToRegistry name bootstrap
21 silly mapToRegistry using default registry
22 silly mapToRegistry registry https://registry.npmjs.org/
23 silly mapToRegistry data Result {
23 silly mapToRegistry   raw: 'bootstrap',
23 silly mapToRegistry   scope: null,
23 silly mapToRegistry   escapedName: 'bootstrap',
23 silly mapToRegistry   name: 'bootstrap',
23 silly mapToRegistry   rawSpec: '',
23 silly mapToRegistry   spec: 'latest',
23 silly mapToRegistry   type: 'tag' }
24 silly mapToRegistry uri https://registry.npmjs.org/bootstrap
25 silly fetchNamedPackageData copy-webpack-plugin
26 silly mapToRegistry name copy-webpack-plugin
27 silly mapToRegistry using default registry
28 silly mapToRegistry registry https://registry.npmjs.org/
29 silly mapToRegistry data Result {
29 silly mapToRegistry   raw: 'copy-webpack-plugin',
29 silly mapToRegistry   scope: null,
29 silly mapToRegistry   escapedName: 'copy-webpack-plugin',
29 silly mapToRegistry   name: 'copy-webpack-plugin',
29 silly mapToRegistry   rawSpec: '',
29 silly mapToRegistry   spec: 'latest',
29 silly mapToRegistry   type: 'tag' }
30 silly mapToRegistry uri https://registry.npmjs.org/copy-webpack-plugin
31 silly fetchNamedPackageData cross-env
32 silly mapToRegistry name cross-env
33 silly mapToRegistry using default registry
34 silly mapToRegistry registry https://registry.npmjs.org/
35 silly mapToRegistry data Result {
35 silly mapToRegistry   raw: 'cross-env',
35 silly mapToRegistry   scope: null,
35 silly mapToRegistry   escapedName: 'cross-env',
35 silly mapToRegistry   name: 'cross-env',
35 silly mapToRegistry   rawSpec: '',
35 silly mapToRegistry   spec: 'latest',
35 silly mapToRegistry   type: 'tag' }
36 silly mapToRegistry uri https://registry.npmjs.org/cross-env
37 silly fetchNamedPackageData css-loader
38 silly mapToRegistry name css-loader
39 silly mapToRegistry using default registry
40 silly mapToRegistry registry https://registry.npmjs.org/
41 silly mapToRegistry data Result {
41 silly mapToRegistry   raw: 'css-loader',
41 silly mapToRegistry   scope: null,
41 silly mapToRegistry   escapedName: 'css-loader',
41 silly mapToRegistry   name: 'css-loader',
41 silly mapToRegistry   rawSpec: '',
41 silly mapToRegistry   spec: 'latest',
41 silly mapToRegistry   type: 'tag' }
42 silly mapToRegistry uri https://registry.npmjs.org/css-loader
43 silly fetchNamedPackageData file-loader
44 silly mapToRegistry name file-loader
45 silly mapToRegistry using default registry
46 silly mapToRegistry registry https://registry.npmjs.org/
47 silly mapToRegistry data Result {
47 silly mapToRegistry   raw: 'file-loader',
47 silly mapToRegistry   scope: null,
47 silly mapToRegistry   escapedName: 'file-loader',
47 silly mapToRegistry   name: 'file-loader',
47 silly mapToRegistry   rawSpec: '',
47 silly mapToRegistry   spec: 'latest',
47 silly mapToRegistry   type: 'tag' }
48 silly mapToRegistry uri https://registry.npmjs.org/file-loader
49 silly fetchNamedPackageData font-awesome
50 silly mapToRegistry name font-awesome
51 silly mapToRegistry using default registry
52 silly mapToRegistry registry https://registry.npmjs.org/
53 silly mapToRegistry data Result {
53 silly mapToRegistry   raw: 'font-awesome',
53 silly mapToRegistry   scope: null,
53 silly mapToRegistry   escapedName: 'font-awesome',
53 silly mapToRegistry   name: 'font-awesome',
53 silly mapToRegistry   rawSpec: '',
53 silly mapToRegistry   spec: 'latest',
53 silly mapToRegistry   type: 'tag' }
54 silly mapToRegistry uri https://registry.npmjs.org/font-awesome
55 silly fetchNamedPackageData jquery
56 silly mapToRegistry name jquery
57 silly mapToRegistry using default registry
58 silly mapToRegistry registry https://registry.npmjs.org/
59 silly mapToRegistry data Result {
59 silly mapToRegistry   raw: 'jquery',
59 silly mapToRegistry   scope: null,
59 silly mapToRegistry   escapedName: 'jquery',
59 silly mapToRegistry   name: 'jquery',
59 silly mapToRegistry   rawSpec: '',
59 silly mapToRegistry   spec: 'latest',
59 silly mapToRegistry   type: 'tag' }
60 silly mapToRegistry uri https://registry.npmjs.org/jquery
61 silly fetchNamedPackageData mini-css-extract-plugin
62 silly mapToRegistry name mini-css-extract-plugin
63 silly mapToRegistry using default registry
64 silly mapToRegistry registry https://registry.npmjs.org/
65 silly mapToRegistry data Result {
65 silly mapToRegistry   raw: 'mini-css-extract-plugin',
65 silly mapToRegistry   scope: null,
65 silly mapToRegistry   escapedName: 'mini-css-extract-plugin',
65 silly mapToRegistry   name: 'mini-css-extract-plugin',
65 silly mapToRegistry   rawSpec: '',
65 silly mapToRegistry   spec: 'latest',
65 silly mapToRegistry   type: 'tag' }
66 silly mapToRegistry uri https://registry.npmjs.org/mini-css-extract-plugin
67 silly fetchNamedPackageData node-sass
68 silly mapToRegistry name node-sass
69 silly mapToRegistry using default registry
70 silly mapToRegistry registry https://registry.npmjs.org/
71 silly mapToRegistry data Result {
71 silly mapToRegistry   raw: 'node-sass',
71 silly mapToRegistry   scope: null,
71 silly mapToRegistry   escapedName: 'node-sass',
71 silly mapToRegistry   name: 'node-sass',
71 silly mapToRegistry   rawSpec: '',
71 silly mapToRegistry   spec: 'latest',
71 silly mapToRegistry   type: 'tag' }
72 silly mapToRegistry uri https://registry.npmjs.org/node-sass
73 silly fetchNamedPackageData optimize-css-assets-webpack-plugin
74 silly mapToRegistry name optimize-css-assets-webpack-plugin
75 silly mapToRegistry using default registry
76 silly mapToRegistry registry https://registry.npmjs.org/
77 silly mapToRegistry data Result {
77 silly mapToRegistry   raw: 'optimize-css-assets-webpack-plugin',
77 silly mapToRegistry   scope: null,
77 silly mapToRegistry   escapedName: 'optimize-css-assets-webpack-plugin',
77 silly mapToRegistry   name: 'optimize-css-assets-webpack-plugin',
77 silly mapToRegistry   rawSpec: '',
77 silly mapToRegistry   spec: 'latest',
77 silly mapToRegistry   type: 'tag' }
78 silly mapToRegistry uri https://registry.npmjs.org/optimize-css-assets-webpack-plugin
79 silly fetchNamedPackageData popper.js
80 silly mapToRegistry name popper.js
81 silly mapToRegistry using default registry
82 silly mapToRegistry registry https://registry.npmjs.org/
83 silly mapToRegistry data Result {
83 silly mapToRegistry   raw: 'popper.js',
83 silly mapToRegistry   scope: null,
83 silly mapToRegistry   escapedName: 'popper.js',
83 silly mapToRegistry   name: 'popper.js',
83 silly mapToRegistry   rawSpec: '',
83 silly mapToRegistry   spec: 'latest',
83 silly mapToRegistry   type: 'tag' }
84 silly mapToRegistry uri https://registry.npmjs.org/popper.js
85 silly fetchNamedPackageData postcss-loader
86 silly mapToRegistry name postcss-loader
87 silly mapToRegistry using default registry
88 silly mapToRegistry registry https://registry.npmjs.org/
89 silly mapToRegistry data Result {
89 silly mapToRegistry   raw: 'postcss-loader',
89 silly mapToRegistry   scope: null,
89 silly mapToRegistry   escapedName: 'postcss-loader',
89 silly mapToRegistry   name: 'postcss-loader',
89 silly mapToRegistry   rawSpec: '',
89 silly mapToRegistry   spec: 'latest',
89 silly mapToRegistry   type: 'tag' }
90 silly mapToRegistry uri https://registry.npmjs.org/postcss-loader
91 silly fetchNamedPackageData sass-loader
92 silly mapToRegistry name sass-loader
93 silly mapToRegistry using default registry
94 silly mapToRegistry registry https://registry.npmjs.org/
95 silly mapToRegistry data Result {
95 silly mapToRegistry   raw: 'sass-loader',
95 silly mapToRegistry   scope: null,
95 silly mapToRegistry   escapedName: 'sass-loader',
95 silly mapToRegistry   name: 'sass-loader',
95 silly mapToRegistry   rawSpec: '',
95 silly mapToRegistry   spec: 'latest',
95 silly mapToRegistry   type: 'tag' }
96 silly mapToRegistry uri https://registry.npmjs.org/sass-loader
97 silly fetchNamedPackageData style-loader
98 silly mapToRegistry name style-loader
99 silly mapToRegistry using default registry
100 silly mapToRegistry registry https://registry.npmjs.org/
101 silly mapToRegistry data Result {
101 silly mapToRegistry   raw: 'style-loader',
101 silly mapToRegistry   scope: null,
101 silly mapToRegistry   escapedName: 'style-loader',
101 silly mapToRegistry   name: 'style-loader',
101 silly mapToRegistry   rawSpec: '',
101 silly mapToRegistry   spec: 'latest',
101 silly mapToRegistry   type: 'tag' }
102 silly mapToRegistry uri https://registry.npmjs.org/style-loader
103 silly fetchNamedPackageData uglifyjs-webpack-plugin
104 silly mapToRegistry name uglifyjs-webpack-plugin
105 silly mapToRegistry using default registry
106 silly mapToRegistry registry https://registry.npmjs.org/
107 silly mapToRegistry data Result {
107 silly mapToRegistry   raw: 'uglifyjs-webpack-plugin',
107 silly mapToRegistry   scope: null,
107 silly mapToRegistry   escapedName: 'uglifyjs-webpack-plugin',
107 silly mapToRegistry   name: 'uglifyjs-webpack-plugin',
107 silly mapToRegistry   rawSpec: '',
107 silly mapToRegistry   spec: 'latest',
107 silly mapToRegistry   type: 'tag' }
108 silly mapToRegistry uri https://registry.npmjs.org/uglifyjs-webpack-plugin
109 silly fetchNamedPackageData webpack
110 silly mapToRegistry name webpack
111 silly mapToRegistry using default registry
112 silly mapToRegistry registry https://registry.npmjs.org/
113 silly mapToRegistry data Result {
113 silly mapToRegistry   raw: 'webpack',
113 silly mapToRegistry   scope: null,
113 silly mapToRegistry   escapedName: 'webpack',
113 silly mapToRegistry   name: 'webpack',
113 silly mapToRegistry   rawSpec: '',
113 silly mapToRegistry   spec: 'latest',
113 silly mapToRegistry   type: 'tag' }
114 silly mapToRegistry uri https://registry.npmjs.org/webpack
115 silly fetchNamedPackageData webpack-cli
116 silly mapToRegistry name webpack-cli
117 silly mapToRegistry using default registry
118 silly mapToRegistry registry https://registry.npmjs.org/
119 silly mapToRegistry data Result {
119 silly mapToRegistry   raw: 'webpack-cli',
119 silly mapToRegistry   scope: null,
119 silly mapToRegistry   escapedName: 'webpack-cli',
119 silly mapToRegistry   name: 'webpack-cli',
119 silly mapToRegistry   rawSpec: '',
119 silly mapToRegistry   spec: 'latest',
119 silly mapToRegistry   type: 'tag' }
120 silly mapToRegistry uri https://registry.npmjs.org/webpack-cli
121 silly fetchNamedPackageData webpack-dev-server
122 silly mapToRegistry name webpack-dev-server
123 silly mapToRegistry using default registry
124 silly mapToRegistry registry https://registry.npmjs.org/
125 silly mapToRegistry data Result {
125 silly mapToRegistry   raw: 'webpack-dev-server',
125 silly mapToRegistry   scope: null,
125 silly mapToRegistry   escapedName: 'webpack-dev-server',
125 silly mapToRegistry   name: 'webpack-dev-server',
125 silly mapToRegistry   rawSpec: '',
125 silly mapToRegistry   spec: 'latest',
125 silly mapToRegistry   type: 'tag' }
126 silly mapToRegistry uri https://registry.npmjs.org/webpack-dev-server
127 verbose request uri https://registry.npmjs.org/bootstrap
128 verbose request no auth needed
129 info attempt registry request try #1 at 07:05:31
130 verbose request id 02e01910b8bb7cdf
131 http request GET https://registry.npmjs.org/bootstrap
132 verbose request uri https://registry.npmjs.org/copy-webpack-plugin
133 verbose request no auth needed
134 info attempt registry request try #1 at 07:05:31
135 http request GET https://registry.npmjs.org/copy-webpack-plugin
136 verbose request uri https://registry.npmjs.org/cross-env
137 verbose request no auth needed
138 info attempt registry request try #1 at 07:05:31
139 http request GET https://registry.npmjs.org/cross-env
140 verbose request uri https://registry.npmjs.org/css-loader
141 verbose request no auth needed
142 info attempt registry request try #1 at 07:05:31
143 http request GET https://registry.npmjs.org/css-loader
144 verbose request uri https://registry.npmjs.org/file-loader
145 verbose request no auth needed
146 info attempt registry request try #1 at 07:05:31
147 http request GET https://registry.npmjs.org/file-loader
148 verbose request uri https://registry.npmjs.org/font-awesome
149 verbose request no auth needed
150 info attempt registry request try #1 at 07:05:31
151 http request GET https://registry.npmjs.org/font-awesome
152 verbose request uri https://registry.npmjs.org/jquery
153 verbose request no auth needed
154 info attempt registry request try #1 at 07:05:31
155 http request GET https://registry.npmjs.org/jquery
156 verbose request uri https://registry.npmjs.org/mini-css-extract-plugin
157 verbose request no auth needed
158 info attempt registry request try #1 at 07:05:31
159 http request GET https://registry.npmjs.org/mini-css-extract-plugin
160 verbose request uri https://registry.npmjs.org/node-sass
161 verbose request no auth needed
162 info attempt registry request try #1 at 07:05:31
163 http request GET https://registry.npmjs.org/node-sass
164 verbose request uri https://registry.npmjs.org/optimize-css-assets-webpack-plugin
165 verbose request no auth needed
166 info attempt registry request try #1 at 07:05:31
167 http request GET https://registry.npmjs.org/optimize-css-assets-webpack-plugin
168 verbose request uri https://registry.npmjs.org/popper.js
169 verbose request no auth needed
170 info attempt registry request try #1 at 07:05:31
171 http request GET https://registry.npmjs.org/popper.js
172 verbose request uri https://registry.npmjs.org/postcss-loader
173 verbose request no auth needed
174 info attempt registry request try #1 at 07:05:31
175 http request GET https://registry.npmjs.org/postcss-loader
176 verbose request uri https://registry.npmjs.org/sass-loader
177 verbose request no auth needed
178 info attempt registry request try #1 at 07:05:31
179 http request GET https://registry.npmjs.org/sass-loader
180 verbose request uri https://registry.npmjs.org/style-loader
181 verbose request no auth needed
182 info attempt registry request try #1 at 07:05:31
183 http request GET https://registry.npmjs.org/style-loader
184 verbose request uri https://registry.npmjs.org/uglifyjs-webpack-plugin
185 verbose request no auth needed
186 info attempt registry request try #1 at 07:05:31
187 http request GET https://registry.npmjs.org/uglifyjs-webpack-plugin
188 verbose request uri https://registry.npmjs.org/webpack
189 verbose request no auth needed
190 info attempt registry request try #1 at 07:05:31
191 http request GET https://registry.npmjs.org/webpack
192 verbose request uri https://registry.npmjs.org/webpack-cli
193 verbose request no auth needed
194 info attempt registry request try #1 at 07:05:31
195 http request GET https://registry.npmjs.org/webpack-cli
196 verbose request uri https://registry.npmjs.org/webpack-dev-server
197 verbose request no auth needed
198 info attempt registry request try #1 at 07:05:31
199 http request GET https://registry.npmjs.org/webpack-dev-server
200 info retry will retry, error on last attempt: Error: write EPROTO 101057795:error:1408D07B:SSL routines:ssl3_get_key_exchange:bad signature:openssl\ssl\s3_clnt.c:2032:
201 info retry will retry, error on last attempt: Error: write EPROTO 101057795:error:1408D07B:SSL routines:ssl3_get_key_exchange:bad signature:openssl\ssl\s3_clnt.c:2032:
202 info retry will retry, error on last attempt: Error: write EPROTO 101057795:error:1408D07B:SSL routines:ssl3_get_key_exchange:bad signature:openssl\ssl\s3_clnt.c:2032:
203 info retry will retry, error on last attempt: Error: write EPROTO 101057795:error:1408D07B:SSL routines:ssl3_get_key_exchange:bad signature:openssl\ssl\s3_clnt.c:2032:
204 info retry will retry, error on last attempt: Error: write EPROTO 101057795:error:1408D07B:SSL routines:ssl3_get_key_exchange:bad signature:openssl\ssl\s3_clnt.c:2032:
205 info retry will retry, error on last attempt: Error: write EPROTO 101057795:error:1408D07B:SSL routines:ssl3_get_key_exchange:bad signature:openssl\ssl\s3_clnt.c:2032:
206 info retry will retry, error on last attempt: Error: write EPROTO 101057795:error:1408D07B:SSL routines:ssl3_get_key_exchange:bad signature:openssl\ssl\s3_clnt.c:2032:
207 info retry will retry, error on last attempt: Error: write EPROTO 101057795:error:1408D07B:SSL routines:ssl3_get_key_exchange:bad signature:openssl\ssl\s3_clnt.c:2032:
208 info retry will retry, error on last attempt: Error: write EPROTO 101057795:error:1408D07B:SSL routines:ssl3_get_key_exchange:bad signature:openssl\ssl\s3_clnt.c:2032:
209 info retry will retry, error on last attempt: Error: write EPROTO 101057795:error:1408D07B:SSL routines:ssl3_get_key_exchange:bad signature:openssl\ssl\s3_clnt.c:2032:
210 info retry will retry, error on last attempt: Error: write EPROTO 101057795:error:1408D07B:SSL routines:ssl3_get_key_exchange:bad signature:openssl\ssl\s3_clnt.c:2032:
211 info retry will retry, error on last attempt: Error: write EPROTO 101057795:error:1408D07B:SSL routines:ssl3_get_key_exchange:bad signature:openssl\ssl\s3_clnt.c:2032:
212 info retry will retry, error on last attempt: Error: write EPROTO 101057795:error:1408D07B:SSL routines:ssl3_get_key_exchange:bad signature:openssl\ssl\s3_clnt.c:2032:
213 info retry will retry, error on last attempt: Error: write EPROTO 101057795:error:1408D07B:SSL routines:ssl3_get_key_exchange:bad signature:openssl\ssl\s3_clnt.c:2032:
214 info retry will retry, error on last attempt: Error: write EPROTO 101057795:error:1408D07B:SSL routines:ssl3_get_key_exchange:bad signature:openssl\ssl\s3_clnt.c:2032:
215 info retry will retry, error on last attempt: Error: write EPROTO 101057795:error:1408D07B:SSL routines:ssl3_get_key_exchange:bad signature:openssl\ssl\s3_clnt.c:2032:
216 info retry will retry, error on last attempt: Error: write EPROTO 101057795:error:1408D07B:SSL routines:ssl3_get_key_exchange:bad signature:openssl\ssl\s3_clnt.c:2032:
217 info retry will retry, error on last attempt: Error: write EPROTO 101057795:error:1408D07B:SSL routines:ssl3_get_key_exchange:bad signature:openssl\ssl\s3_clnt.c:2032:
218 info attempt registry request try #2 at 07:05:42
219 http request GET https://registry.npmjs.org/cross-env
220 info attempt registry request try #2 at 07:05:42
221 http request GET https://registry.npmjs.org/css-loader
222 info attempt registry request try #2 at 07:05:42
223 http request GET https://registry.npmjs.org/font-awesome
224 info attempt registry request try #2 at 07:05:42
225 http request GET https://registry.npmjs.org/node-sass
226 info attempt registry request try #2 at 07:05:42
227 http request GET https://registry.npmjs.org/copy-webpack-plugin
228 info attempt registry request try #2 at 07:05:42
229 http request GET https://registry.npmjs.org/bootstrap
230 info attempt registry request try #2 at 07:05:42
231 http request GET https://registry.npmjs.org/sass-loader
232 info attempt registry request try #2 at 07:05:42
233 http request GET https://registry.npmjs.org/jquery
234 info attempt registry request try #2 at 07:05:42
235 http request GET https://registry.npmjs.org/file-loader
236 info attempt registry request try #2 at 07:05:42
237 http request GET https://registry.npmjs.org/mini-css-extract-plugin
238 info attempt registry request try #2 at 07:05:42
239 http request GET https://registry.npmjs.org/postcss-loader
240 info attempt registry request try #2 at 07:05:42
241 http request GET https://registry.npmjs.org/optimize-css-assets-webpack-plugin
242 info attempt registry request try #2 at 07:05:42
243 http request GET https://registry.npmjs.org/popper.js
244 info attempt registry request try #2 at 07:05:42
245 http request GET https://registry.npmjs.org/webpack-dev-server
246 info attempt registry request try #2 at 07:05:42
247 http request GET https://registry.npmjs.org/uglifyjs-webpack-plugin
248 info attempt registry request try #2 at 07:05:42
249 http request GET https://registry.npmjs.org/style-loader
250 info attempt registry request try #2 at 07:05:42
251 http request GET https://registry.npmjs.org/webpack
252 info attempt registry request try #2 at 07:05:42
253 http request GET https://registry.npmjs.org/webpack-cli
254 info retry will retry, error on last attempt: Error: write EPROTO 101057795:error:1408D07B:SSL routines:ssl3_get_key_exchange:bad signature:openssl\ssl\s3_clnt.c:2032:
255 info retry will retry, error on last attempt: Error: write EPROTO 101057795:error:1408D07B:SSL routines:ssl3_get_key_exchange:bad signature:openssl\ssl\s3_clnt.c:2032:
256 info retry will retry, error on last attempt: Error: write EPROTO 101057795:error:1408D07B:SSL routines:ssl3_get_key_exchange:bad signature:openssl\ssl\s3_clnt.c:2032:
257 info retry will retry, error on last attempt: Error: write EPROTO 101057795:error:1408D07B:SSL routines:ssl3_get_key_exchange:bad signature:openssl\ssl\s3_clnt.c:2032:
258 info retry will retry, error on last attempt: Error: write EPROTO 101057795:error:1408D07B:SSL routines:ssl3_get_key_exchange:bad signature:openssl\ssl\s3_clnt.c:2032:
259 info retry will retry, error on last attempt: Error: write EPROTO 101057795:error:1408D07B:SSL routines:ssl3_get_key_exchange:bad signature:openssl\ssl\s3_clnt.c:2032:
260 info retry will retry, error on last attempt: Error: write EPROTO 101057795:error:1408D07B:SSL routines:ssl3_get_key_exchange:bad signature:openssl\ssl\s3_clnt.c:2032:
261 info retry will retry, error on last attempt: Error: write EPROTO 101057795:error:1408D07B:SSL routines:ssl3_get_key_exchange:bad signature:openssl\ssl\s3_clnt.c:2032:
262 info retry will retry, error on last attempt: Error: write EPROTO 101057795:error:1408D07B:SSL routines:ssl3_get_key_exchange:bad signature:openssl\ssl\s3_clnt.c:2032:
263 info retry will retry, error on last attempt: Error: write EPROTO 101057795:error:1408D07B:SSL routines:ssl3_get_key_exchange:bad signature:openssl\ssl\s3_clnt.c:2032:
264 info retry will retry, error on last attempt: Error: write EPROTO 101057795:error:1408D07B:SSL routines:ssl3_get_key_exchange:bad signature:openssl\ssl\s3_clnt.c:2032:
265 info retry will retry, error on last attempt: Error: write EPROTO 101057795:error:1408D07B:SSL routines:ssl3_get_key_exchange:bad signature:openssl\ssl\s3_clnt.c:2032:
266 info retry will retry, error on last attempt: Error: write EPROTO 101057795:error:1408D07B:SSL routines:ssl3_get_key_exchange:bad signature:openssl\ssl\s3_clnt.c:2032:
267 info retry will retry, error on last attempt: Error: write EPROTO 101057795:error:1408D07B:SSL routines:ssl3_get_key_exchange:bad signature:openssl\ssl\s3_clnt.c:2032:
268 info retry will retry, error on last attempt: Error: write EPROTO 101057795:error:1408D07B:SSL routines:ssl3_get_key_exchange:bad signature:openssl\ssl\s3_clnt.c:2032:
269 info retry will retry, error on last attempt: Error: write EPROTO 101057795:error:1408D07B:SSL routines:ssl3_get_key_exchange:bad signature:openssl\ssl\s3_clnt.c:2032:
270 info retry will retry, error on last attempt: Error: write EPROTO 101057795:error:1408D07B:SSL routines:ssl3_get_key_exchange:bad signature:openssl\ssl\s3_clnt.c:2032:
271 info retry will retry, error on last attempt: Error: write EPROTO 101057795:error:1408D07B:SSL routines:ssl3_get_key_exchange:bad signature:openssl\ssl\s3_clnt.c:2032:
272 info attempt registry request try #3 at 07:06:42
273 http request GET https://registry.npmjs.org/node-sass
274 info attempt registry request try #3 at 07:06:42
275 http request GET https://registry.npmjs.org/css-loader
276 info attempt registry request try #3 at 07:06:42
277 http request GET https://registry.npmjs.org/cross-env
278 info attempt registry request try #3 at 07:06:42
279 http request GET https://registry.npmjs.org/mini-css-extract-plugin
280 info attempt registry request try #3 at 07:06:42
281 http request GET https://registry.npmjs.org/font-awesome
282 info attempt registry request try #3 at 07:06:42
283 http request GET https://registry.npmjs.org/sass-loader
284 info attempt registry request try #3 at 07:06:42
285 http request GET https://registry.npmjs.org/copy-webpack-plugin
286 info attempt registry request try #3 at 07:06:42
287 http request GET https://registry.npmjs.org/bootstrap
288 info attempt registry request try #3 at 07:06:42
289 http request GET https://registry.npmjs.org/popper.js
290 info attempt registry request try #3 at 07:06:42
291 http request GET https://registry.npmjs.org/webpack-dev-server
292 info attempt registry request try #3 at 07:06:42
293 http request GET https://registry.npmjs.org/postcss-loader
294 info attempt registry request try #3 at 07:06:42
295 http request GET https://registry.npmjs.org/webpack-cli
296 info attempt registry request try #3 at 07:06:42
297 http request GET https://registry.npmjs.org/uglifyjs-webpack-plugin
298 info attempt registry request try #3 at 07:06:42
299 http request GET https://registry.npmjs.org/file-loader
300 info attempt registry request try #3 at 07:06:42
301 http request GET https://registry.npmjs.org/style-loader
302 info attempt registry request try #3 at 07:06:42
303 http request GET https://registry.npmjs.org/jquery
304 info attempt registry request try #3 at 07:06:42
305 http request GET https://registry.npmjs.org/optimize-css-assets-webpack-plugin
306 info attempt registry request try #3 at 07:06:42
307 http request GET https://registry.npmjs.org/webpack
308 silly fetchPackageMetaData Error: write EPROTO 101057795:error:1408D07B:SSL routines:ssl3_get_key_exchange:bad signature:openssl\ssl\s3_clnt.c:2032:
308 silly fetchPackageMetaData
308 silly fetchPackageMetaData     at exports._errnoException (util.js:1023:11)
308 silly fetchPackageMetaData     at WriteWrap.afterWrite [as oncomplete] (net.js:804:14)
308 silly fetchPackageMetaData  error for css-loader@0.28.11 { Error: write EPROTO 101057795:error:1408D07B:SSL routines:ssl3_get_key_exchange:bad signature:openssl\ssl\s3_clnt.c:2032:
308 silly fetchPackageMetaData
308 silly fetchPackageMetaData     at exports._errnoException (util.js:1023:11)
308 silly fetchPackageMetaData     at WriteWrap.afterWrite [as oncomplete] (net.js:804:14) code: 'EPROTO', errno: 'EPROTO', syscall: 'write' }
309 silly fetchPackageMetaData Error: write EPROTO 101057795:error:1408D07B:SSL routines:ssl3_get_key_exchange:bad signature:openssl\ssl\s3_clnt.c:2032:
309 silly fetchPackageMetaData
309 silly fetchPackageMetaData     at exports._errnoException (util.js:1023:11)
309 silly fetchPackageMetaData     at WriteWrap.afterWrite [as oncomplete] (net.js:804:14)
309 silly fetchPackageMetaData  error for copy-webpack-plugin@4.5.1 { Error: write EPROTO 101057795:error:1408D07B:SSL routines:ssl3_get_key_exchange:bad signature:openssl\ssl\s3_clnt.c:2032:
309 silly fetchPackageMetaData
309 silly fetchPackageMetaData     at exports._errnoException (util.js:1023:11)
309 silly fetchPackageMetaData     at WriteWrap.afterWrite [as oncomplete] (net.js:804:14) code: 'EPROTO', errno: 'EPROTO', syscall: 'write' }
310 silly fetchPackageMetaData Error: write EPROTO 101057795:error:1408D07B:SSL routines:ssl3_get_key_exchange:bad signature:openssl\ssl\s3_clnt.c:2032:
310 silly fetchPackageMetaData
310 silly fetchPackageMetaData     at exports._errnoException (util.js:1023:11)
310 silly fetchPackageMetaData     at WriteWrap.afterWrite [as oncomplete] (net.js:804:14)
310 silly fetchPackageMetaData  error for postcss-loader@2.1.5 { Error: write EPROTO 101057795:error:1408D07B:SSL routines:ssl3_get_key_exchange:bad signature:openssl\ssl\s3_clnt.c:2032:
310 silly fetchPackageMetaData
310 silly fetchPackageMetaData     at exports._errnoException (util.js:1023:11)
310 silly fetchPackageMetaData     at WriteWrap.afterWrite [as oncomplete] (net.js:804:14) code: 'EPROTO', errno: 'EPROTO', syscall: 'write' }
311 silly fetchPackageMetaData Error: write EPROTO 101057795:error:1408D07B:SSL routines:ssl3_get_key_exchange:bad signature:openssl\ssl\s3_clnt.c:2032:
311 silly fetchPackageMetaData
311 silly fetchPackageMetaData     at exports._errnoException (util.js:1023:11)
311 silly fetchPackageMetaData     at WriteWrap.afterWrite [as oncomplete] (net.js:804:14)
311 silly fetchPackageMetaData  error for popper.js@1.14.3 { Error: write EPROTO 101057795:error:1408D07B:SSL routines:ssl3_get_key_exchange:bad signature:openssl\ssl\s3_clnt.c:2032:
311 silly fetchPackageMetaData
311 silly fetchPackageMetaData     at exports._errnoException (util.js:1023:11)
311 silly fetchPackageMetaData     at WriteWrap.afterWrite [as oncomplete] (net.js:804:14) code: 'EPROTO', errno: 'EPROTO', syscall: 'write' }
312 silly fetchPackageMetaData Error: write EPROTO 101057795:error:1408D07B:SSL routines:ssl3_get_key_exchange:bad signature:openssl\ssl\s3_clnt.c:2032:
312 silly fetchPackageMetaData
312 silly fetchPackageMetaData     at exports._errnoException (util.js:1023:11)
312 silly fetchPackageMetaData     at WriteWrap.afterWrite [as oncomplete] (net.js:804:14)
312 silly fetchPackageMetaData  error for mini-css-extract-plugin@0.4.0 { Error: write EPROTO 101057795:error:1408D07B:SSL routines:ssl3_get_key_exchange:bad signature:openssl\ssl\s3_clnt.c:2032:
312 silly fetchPackageMetaData
312 silly fetchPackageMetaData     at exports._errnoException (util.js:1023:11)
312 silly fetchPackageMetaData     at WriteWrap.afterWrite [as oncomplete] (net.js:804:14) code: 'EPROTO', errno: 'EPROTO', syscall: 'write' }
313 silly fetchPackageMetaData Error: write EPROTO 101057795:error:1408D07B:SSL routines:ssl3_get_key_exchange:bad signature:openssl\ssl\s3_clnt.c:2032:
313 silly fetchPackageMetaData
313 silly fetchPackageMetaData     at exports._errnoException (util.js:1023:11)
313 silly fetchPackageMetaData     at WriteWrap.afterWrite [as oncomplete] (net.js:804:14)
313 silly fetchPackageMetaData  error for node-sass@4.12.0 { Error: write EPROTO 101057795:error:1408D07B:SSL routines:ssl3_get_key_exchange:bad signature:openssl\ssl\s3_clnt.c:2032:
313 silly fetchPackageMetaData
313 silly fetchPackageMetaData     at exports._errnoException (util.js:1023:11)
313 silly fetchPackageMetaData     at WriteWrap.afterWrite [as oncomplete] (net.js:804:14) code: 'EPROTO', errno: 'EPROTO', syscall: 'write' }
314 silly fetchPackageMetaData Error: write EPROTO 101057795:error:1408D07B:SSL routines:ssl3_get_key_exchange:bad signature:openssl\ssl\s3_clnt.c:2032:
314 silly fetchPackageMetaData
314 silly fetchPackageMetaData     at exports._errnoException (util.js:1023:11)
314 silly fetchPackageMetaData     at WriteWrap.afterWrite [as oncomplete] (net.js:804:14)
314 silly fetchPackageMetaData  error for bootstrap@4.1.1 { Error: write EPROTO 101057795:error:1408D07B:SSL routines:ssl3_get_key_exchange:bad signature:openssl\ssl\s3_clnt.c:2032:
314 silly fetchPackageMetaData
314 silly fetchPackageMetaData     at exports._errnoException (util.js:1023:11)
314 silly fetchPackageMetaData     at WriteWrap.afterWrite [as oncomplete] (net.js:804:14) code: 'EPROTO', errno: 'EPROTO', syscall: 'write' }
315 silly fetchPackageMetaData Error: write EPROTO 101057795:error:1408D07B:SSL routines:ssl3_get_key_exchange:bad signature:openssl\ssl\s3_clnt.c:2032:
315 silly fetchPackageMetaData
315 silly fetchPackageMetaData     at exports._errnoException (util.js:1023:11)
315 silly fetchPackageMetaData     at WriteWrap.afterWrite [as oncomplete] (net.js:804:14)
315 silly fetchPackageMetaData  error for sass-loader@7.0.1 { Error: write EPROTO 101057795:error:1408D07B:SSL routines:ssl3_get_key_exchange:bad signature:openssl\ssl\s3_clnt.c:2032:
315 silly fetchPackageMetaData
315 silly fetchPackageMetaData     at exports._errnoException (util.js:1023:11)
315 silly fetchPackageMetaData     at WriteWrap.afterWrite [as oncomplete] (net.js:804:14) code: 'EPROTO', errno: 'EPROTO', syscall: 'write' }
316 silly fetchPackageMetaData Error: write EPROTO 101057795:error:1408D07B:SSL routines:ssl3_get_key_exchange:bad signature:openssl\ssl\s3_clnt.c:2032:
316 silly fetchPackageMetaData
316 silly fetchPackageMetaData     at exports._errnoException (util.js:1023:11)
316 silly fetchPackageMetaData     at WriteWrap.afterWrite [as oncomplete] (net.js:804:14)
316 silly fetchPackageMetaData  error for cross-env@5.1.5 { Error: write EPROTO 101057795:error:1408D07B:SSL routines:ssl3_get_key_exchange:bad signature:openssl\ssl\s3_clnt.c:2032:
316 silly fetchPackageMetaData
316 silly fetchPackageMetaData     at exports._errnoException (util.js:1023:11)
316 silly fetchPackageMetaData     at WriteWrap.afterWrite [as oncomplete] (net.js:804:14) code: 'EPROTO', errno: 'EPROTO', syscall: 'write' }
317 silly fetchPackageMetaData Error: write EPROTO 101057795:error:1408D07B:SSL routines:ssl3_get_key_exchange:bad signature:openssl\ssl\s3_clnt.c:2032:
317 silly fetchPackageMetaData
317 silly fetchPackageMetaData     at exports._errnoException (util.js:1023:11)
317 silly fetchPackageMetaData     at WriteWrap.afterWrite [as oncomplete] (net.js:804:14)
317 silly fetchPackageMetaData  error for uglifyjs-webpack-plugin@1.2.5 { Error: write EPROTO 101057795:error:1408D07B:SSL routines:ssl3_get_key_exchange:bad signature:openssl\ssl\s3_clnt.c:2032:
317 silly fetchPackageMetaData
317 silly fetchPackageMetaData     at exports._errnoException (util.js:1023:11)
317 silly fetchPackageMetaData     at WriteWrap.afterWrite [as oncomplete] (net.js:804:14) code: 'EPROTO', errno: 'EPROTO', syscall: 'write' }
318 silly fetchPackageMetaData Error: write EPROTO 101057795:error:1408D07B:SSL routines:ssl3_get_key_exchange:bad signature:openssl\ssl\s3_clnt.c:2032:
318 silly fetchPackageMetaData
318 silly fetchPackageMetaData     at exports._errnoException (util.js:1023:11)
318 silly fetchPackageMetaData     at WriteWrap.afterWrite [as oncomplete] (net.js:804:14)
318 silly fetchPackageMetaData  error for style-loader@0.21.0 { Error: write EPROTO 101057795:error:1408D07B:SSL routines:ssl3_get_key_exchange:bad signature:openssl\ssl\s3_clnt.c:2032:
318 silly fetchPackageMetaData
318 silly fetchPackageMetaData     at exports._errnoException (util.js:1023:11)
318 silly fetchPackageMetaData     at WriteWrap.afterWrite [as oncomplete] (net.js:804:14) code: 'EPROTO', errno: 'EPROTO', syscall: 'write' }
319 silly fetchPackageMetaData Error: write EPROTO 101057795:error:1408D07B:SSL routines:ssl3_get_key_exchange:bad signature:openssl\ssl\s3_clnt.c:2032:
319 silly fetchPackageMetaData
319 silly fetchPackageMetaData     at exports._errnoException (util.js:1023:11)
319 silly fetchPackageMetaData     at WriteWrap.afterWrite [as oncomplete] (net.js:804:14)
319 silly fetchPackageMetaData  error for font-awesome@4.7.0 { Error: write EPROTO 101057795:error:1408D07B:SSL routines:ssl3_get_key_exchange:bad signature:openssl\ssl\s3_clnt.c:2032:
319 silly fetchPackageMetaData
319 silly fetchPackageMetaData     at exports._errnoException (util.js:1023:11)
319 silly fetchPackageMetaData     at WriteWrap.afterWrite [as oncomplete] (net.js:804:14) code: 'EPROTO', errno: 'EPROTO', syscall: 'write' }
320 silly fetchPackageMetaData Error: write EPROTO 101057795:error:1408D07B:SSL routines:ssl3_get_key_exchange:bad signature:openssl\ssl\s3_clnt.c:2032:
320 silly fetchPackageMetaData
320 silly fetchPackageMetaData     at exports._errnoException (util.js:1023:11)
320 silly fetchPackageMetaData     at WriteWrap.afterWrite [as oncomplete] (net.js:804:14)
320 silly fetchPackageMetaData  error for webpack-dev-server@3.1.4 { Error: write EPROTO 101057795:error:1408D07B:SSL routines:ssl3_get_key_exchange:bad signature:openssl\ssl\s3_clnt.c:2032:
320 silly fetchPackageMetaData
320 silly fetchPackageMetaData     at exports._errnoException (util.js:1023:11)
320 silly fetchPackageMetaData     at WriteWrap.afterWrite [as oncomplete] (net.js:804:14) code: 'EPROTO', errno: 'EPROTO', syscall: 'write' }
321 silly fetchPackageMetaData Error: write EPROTO 101057795:error:1408D07B:SSL routines:ssl3_get_key_exchange:bad signature:openssl\ssl\s3_clnt.c:2032:
321 silly fetchPackageMetaData
321 silly fetchPackageMetaData     at exports._errnoException (util.js:1023:11)
321 silly fetchPackageMetaData     at WriteWrap.afterWrite [as oncomplete] (net.js:804:14)
321 silly fetchPackageMetaData  error for webpack@4.8.3 { Error: write EPROTO 101057795:error:1408D07B:SSL routines:ssl3_get_key_exchange:bad signature:openssl\ssl\s3_clnt.c:2032:
321 silly fetchPackageMetaData
321 silly fetchPackageMetaData     at exports._errnoException (util.js:1023:11)
321 silly fetchPackageMetaData     at WriteWrap.afterWrite [as oncomplete] (net.js:804:14) code: 'EPROTO', errno: 'EPROTO', syscall: 'write' }
322 silly fetchPackageMetaData Error: write EPROTO 101057795:error:1408D07B:SSL routines:ssl3_get_key_exchange:bad signature:openssl\ssl\s3_clnt.c:2032:
322 silly fetchPackageMetaData
322 silly fetchPackageMetaData     at exports._errnoException (util.js:1023:11)
322 silly fetchPackageMetaData     at WriteWrap.afterWrite [as oncomplete] (net.js:804:14)
322 silly fetchPackageMetaData  error for webpack-cli@2.1.3 { Error: write EPROTO 101057795:error:1408D07B:SSL routines:ssl3_get_key_exchange:bad signature:openssl\ssl\s3_clnt.c:2032:
322 silly fetchPackageMetaData
322 silly fetchPackageMetaData     at exports._errnoException (util.js:1023:11)
322 silly fetchPackageMetaData     at WriteWrap.afterWrite [as oncomplete] (net.js:804:14) code: 'EPROTO', errno: 'EPROTO', syscall: 'write' }
323 silly fetchPackageMetaData Error: write EPROTO 101057795:error:1408D07B:SSL routines:ssl3_get_key_exchange:bad signature:openssl\ssl\s3_clnt.c:2032:
323 silly fetchPackageMetaData
323 silly fetchPackageMetaData     at exports._errnoException (util.js:1023:11)
323 silly fetchPackageMetaData     at WriteWrap.afterWrite [as oncomplete] (net.js:804:14)
323 silly fetchPackageMetaData  error for jquery@3.3.1 { Error: write EPROTO 101057795:error:1408D07B:SSL routines:ssl3_get_key_exchange:bad signature:openssl\ssl\s3_clnt.c:2032:
323 silly fetchPackageMetaData
323 silly fetchPackageMetaData     at exports._errnoException (util.js:1023:11)
323 silly fetchPackageMetaData     at WriteWrap.afterWrite [as oncomplete] (net.js:804:14) code: 'EPROTO', errno: 'EPROTO', syscall: 'write' }
324 silly fetchPackageMetaData Error: write EPROTO 101057795:error:1408D07B:SSL routines:ssl3_get_key_exchange:bad signature:openssl\ssl\s3_clnt.c:2032:
324 silly fetchPackageMetaData
324 silly fetchPackageMetaData     at exports._errnoException (util.js:1023:11)
324 silly fetchPackageMetaData     at WriteWrap.afterWrite [as oncomplete] (net.js:804:14)
324 silly fetchPackageMetaData  error for file-loader@1.1.11 { Error: write EPROTO 101057795:error:1408D07B:SSL routines:ssl3_get_key_exchange:bad signature:openssl\ssl\s3_clnt.c:2032:
324 silly fetchPackageMetaData
324 silly fetchPackageMetaData     at exports._errnoException (util.js:1023:11)
324 silly fetchPackageMetaData     at WriteWrap.afterWrite [as oncomplete] (net.js:804:14) code: 'EPROTO', errno: 'EPROTO', syscall: 'write' }
325 silly fetchPackageMetaData Error: write EPROTO 101057795:error:1408D07B:SSL routines:ssl3_get_key_exchange:bad signature:openssl\ssl\s3_clnt.c:2032:
325 silly fetchPackageMetaData
325 silly fetchPackageMetaData     at exports._errnoException (util.js:1023:11)
325 silly fetchPackageMetaData     at WriteWrap.afterWrite [as oncomplete] (net.js:804:14)
325 silly fetchPackageMetaData  error for optimize-css-assets-webpack-plugin@4.0.1 { Error: write EPROTO 101057795:error:1408D07B:SSL routines:ssl3_get_key_exchange:bad signature:openssl\ssl\s3_clnt.c:2032:
325 silly fetchPackageMetaData
325 silly fetchPackageMetaData     at exports._errnoException (util.js:1023:11)
325 silly fetchPackageMetaData     at WriteWrap.afterWrite [as oncomplete] (net.js:804:14) code: 'EPROTO', errno: 'EPROTO', syscall: 'write' }
326 silly rollbackFailedOptional Starting
327 silly rollbackFailedOptional Finishing
328 silly runTopLevelLifecycles Finishing
329 silly install printInstalled
330 verbose stack Error: write EPROTO 101057795:error:1408D07B:SSL routines:ssl3_get_key_exchange:bad signature:openssl\ssl\s3_clnt.c:2032:
330 verbose stack
330 verbose stack     at exports._errnoException (util.js:1023:11)
330 verbose stack     at WriteWrap.afterWrite [as oncomplete] (net.js:804:14)
331 verbose cwd C:\repository\ct-training\udemy\curso-web\bootstrap\projeto-galeria
332 error Windows_NT 10.0.19045
333 error argv "C:\\Program Files\\nodejs\\node.exe" "C:\\Program Files\\nodejs\\node_modules\\npm\\bin\\npm-cli.js" "i"
334 error node v7.5.0
335 error npm  v4.1.2
336 error code EPROTO
337 error errno EPROTO
338 error syscall write
339 error write EPROTO 101057795:error:1408D07B:SSL routines:ssl3_get_key_exchange:bad signature:openssl\ssl\s3_clnt.c:2032:
340 error If you need help, you may report this error at:
340 error     <https://github.com/npm/npm/issues>
341 verbose exit [ 1, true ]
